<?xml version="1.0" encoding="UTF-8"?>
<!-- Generated by org.testng.reporters.JUnitReportReporter -->
<testsuite hostname="DESKTOP-OHPDHR5" failures="0" tests="2" name="MainTest" time="9.386" errors="0" timestamp="2022-06-26T20:01:21 EDT" skipped="0">
  <testcase classname="MainTest" name="testAbbr" time="7.303"/>
  <system-out/>
  <testcase classname="MainTest" name="firstWebTest" time="2.083"/>
  <system-out/>
</testsuite> <!-- MainTest -->
